生成启动时间为 2017/11/4 9:48:58。
     1>项目“F:\新建文件夹\greylevel\greylevel\greylevel.vcxproj”在节点 2 上(build 个目标)。
     1>InitializeBuildStatus:
         正在创建“Debug\greylevel.unsuccessfulbuild”，因为已指定“AlwaysCreate”。
       ClCompile:
         C:\Program Files (x86)\Microsoft Visual Studio 10.0\VC\bin\CL.exe /c /ZI /nologo /W3 /WX- /Od /Oy- /D WIN32 /D _DEBUG /D _CONSOLE /D _MBCS /Gm /EHsc /RTC1 /MDd /GS /fp:precise /Zc:wchar_t /Zc:forScope /Fo"Debug\\" /Fd"Debug\vc100.pdb" /Gd /TP /analyze- /errorReport:prompt greylevel.cpp
         greylevel.cpp
     1>f:\新建文件夹\greylevel\greylevel\greylevel.cpp(9): warning C4996: 'fopen': This function or variable may be unsafe. Consider using fopen_s instead. To disable deprecation, use _CRT_SECURE_NO_WARNINGS. See online help for details.
                 c:\program files (x86)\microsoft visual studio 10.0\vc\include\stdio.h(234) : 参见“fopen”的声明
     1>f:\新建文件夹\greylevel\greylevel\greylevel.cpp(29): warning C4996: 'fopen': This function or variable may be unsafe. Consider using fopen_s instead. To disable deprecation, use _CRT_SECURE_NO_WARNINGS. See online help for details.
                 c:\program files (x86)\microsoft visual studio 10.0\vc\include\stdio.h(234) : 参见“fopen”的声明
       Link:
         C:\Program Files (x86)\Microsoft Visual Studio 10.0\VC\bin\link.exe /ERRORREPORT:PROMPT /OUT:"F:\新建文件夹\greylevel\Debug\greylevel.exe" /INCREMENTAL /NOLOGO kernel32.lib user32.lib gdi32.lib winspool.lib comdlg32.lib advapi32.lib shell32.lib ole32.lib oleaut32.lib uuid.lib odbc32.lib odbccp32.lib /MANIFEST /ManifestFile:"Debug\greylevel.exe.intermediate.manifest" /MANIFESTUAC:"level='asInvoker' uiAccess='false'" /DEBUG /PDB:"F:\新建文件夹\greylevel\Debug\greylevel.pdb" /SUBSYSTEM:CONSOLE /TLBID:1 /DYNAMICBASE /NXCOMPAT /IMPLIB:"F:\新建文件夹\greylevel\Debug\greylevel.lib" /MACHINE:X86 Debug\greylevel.obj
         greylevel.vcxproj -> F:\新建文件夹\greylevel\Debug\greylevel.exe
       Manifest:
         C:\Program Files (x86)\Microsoft SDKs\Windows\v7.0A\bin\mt.exe /nologo /verbose /out:"F:\新建文件夹\greylevel\Debug\greylevel.exe.manifest" /manifest Debug\greylevel.exe.intermediate.manifest
       FinalizeBuildStatus:
         正在删除文件“Debug\greylevel.unsuccessfulbuild”。
         正在对“Debug\greylevel.lastbuildstate”执行 Touch 任务。
     1>已完成生成项目“F:\新建文件夹\greylevel\greylevel\greylevel.vcxproj”(build 个目标)的操作。

生成成功。

已用时间 00:00:00.34
